
output.o:     file format elf32-littlearm


Disassembly of section .text:

00000000 <_start>:
   0:	e3a00001 	mov	r0, #1
   4:	e59f1050 	ldr	r1, [pc, #80]	; 5c <_start+0x5c>
   8:	ef000069 	svc	0x00000069
   c:	e3a00001 	mov	r0, #1
  10:	e59f1048 	ldr	r1, [pc, #72]	; 60 <_start+0x60>
  14:	ef000069 	svc	0x00000069
  18:	e3a00041 	mov	r0, #65	; 0x41
  1c:	ef000000 	svc	0x00000000
  20:	e59f003c 	ldr	r0, [pc, #60]	; 64 <_start+0x64>
  24:	e5d00000 	ldrb	r0, [r0]
  28:	ef000000 	svc	0x00000000
  2c:	e3a00042 	mov	r0, #66	; 0x42
  30:	ef000000 	svc	0x00000000
  34:	e59f002c 	ldr	r0, [pc, #44]	; 68 <_start+0x68>
  38:	e5d00000 	ldrb	r0, [r0]
  3c:	ef000000 	svc	0x00000000
  40:	e3a00001 	mov	r0, #1
  44:	e3a0102a 	mov	r1, #42	; 0x2a
  48:	ef00006b 	svc	0x0000006b
  4c:	e3a00001 	mov	r0, #1
  50:	e59f1008 	ldr	r1, [pc, #8]	; 60 <_start+0x60>
  54:	ef000069 	svc	0x00000069
  58:	ef000011 	svc	0x00000011
  5c:	00000000 	.word	0x00000000
  60:	0000000d 	.word	0x0000000d
  64:	00000010 	.word	0x00000010
  68:	0000000f 	.word	0x0000000f
